[debug] [2020-09-15T09:31:23.921Z] ----------------------------------------------------------------------
[debug] [2020-09-15T09:31:23.922Z] Command:       /usr/local/bin/node /usr/local/bin/firebase emulators:start
[debug] [2020-09-15T09:31:23.922Z] CLI Version:   8.10.0
[debug] [2020-09-15T09:31:23.922Z] Platform:      darwin
[debug] [2020-09-15T09:31:23.922Z] Node Version:  v12.18.0
[debug] [2020-09-15T09:31:23.923Z] Time:          Tue Sep 15 2020 15:01:23 GMT+0530 (India Standard Time)
[debug] [2020-09-15T09:31:23.923Z] ----------------------------------------------------------------------
[debug] [2020-09-15T09:31:23.923Z] 
[debug] [2020-09-15T09:31:23.929Z] > command requires scopes: ["email","openid","https://www.googleapis.com/auth/cloudplatformprojects.readonly","https://www.googleapis.com/auth/firebase","https://www.googleapis.com/auth/cloud-platform"]
[debug] [2020-09-15T09:31:23.930Z] > authorizing via signed-in user
[info] i  emulators: Starting emulators: functions, hosting {"metadata":{"emulator":{"name":"hub"},"message":"Starting emulators: functions, hosting"}}
[debug] [2020-09-15T09:31:23.951Z] [hub] writing locator at /tmp/hub-clone-f85ec.json
[warn] ⚠  functions: The following emulators are not running, calls to these services from the Functions emulator will affect production: firestore, database, pubsub {"metadata":{"emulator":{"name":"functions"},"message":"The following emulators are not running, calls to these services from the Functions emulator will affect production: \u001b[1mfirestore, database, pubsub\u001b[22m"}}
[warn] ⚠  Your requested "node" version "10" doesn't match your global version "12" {"metadata":{"emulator":{"name":"functions"},"message":"Your requested \"node\" version \"10\" doesn't match your global version \"12\""}}
[debug] [2020-09-15T09:31:23.973Z] defaultcredentials: writing to file /Users/mahimajeslani/.config/firebase/mahimajeslani26_gmail_com_application_default_credentials.json
[debug] [2020-09-15T09:31:23.976Z] Setting GAC to /Users/mahimajeslani/.config/firebase/mahimajeslani26_gmail_com_application_default_credentials.json {"metadata":{"emulator":{"name":"functions"},"message":"Setting GAC to /Users/mahimajeslani/.config/firebase/mahimajeslani26_gmail_com_application_default_credentials.json"}}
[debug] [2020-09-15T09:31:24.238Z] > refreshing access token with scopes: ["email","https://www.googleapis.com/auth/cloud-platform","https://www.googleapis.com/auth/cloudplatformprojects.readonly","https://www.googleapis.com/auth/firebase","openid"]
[debug] [2020-09-15T09:31:24.238Z] >>> HTTP REQUEST POST https://www.googleapis.com/oauth2/v3/token  
 <request body omitted>
[debug] [2020-09-15T09:31:24.374Z] <<< HTTP RESPONSE 200 {"content-type":"application/json; charset=utf-8","vary":"X-Origin, Referer, Origin,Accept-Encoding","date":"Tue, 15 Sep 2020 09:31:24 GMT","server":"scaffolding on HTTPServer2","cache-control":"private","x-xss-protection":"0","x-frame-options":"SAMEORIGIN","x-content-type-options":"nosniff","alt-svc":"h3-29=\":443\"; ma=2592000,h3-27=\":443\"; ma=2592000,h3-T051=\":443\"; ma=2592000,h3-T050=\":443\"; ma=2592000,h3-Q050=\":443\"; ma=2592000,h3-Q046=\":443\"; ma=2592000,h3-Q043=\":443\"; ma=2592000,quic=\":443\"; ma=2592000; v=\"46,43\"","accept-ranges":"none","transfer-encoding":"chunked"}
[debug] [2020-09-15T09:31:24.392Z] >>> HTTP REQUEST GET https://firebase.googleapis.com/v1beta1/projects/clone-f85ec/webApps/-/config  
 
[debug] [2020-09-15T09:31:25.663Z] <<< HTTP RESPONSE 200 {"content-type":"application/json; charset=UTF-8","vary":"X-Origin, Referer, Origin,Accept-Encoding","date":"Tue, 15 Sep 2020 09:31:25 GMT","server":"ESF","cache-control":"private","x-xss-protection":"0","x-frame-options":"SAMEORIGIN","x-content-type-options":"nosniff","alt-svc":"h3-29=\":443\"; ma=2592000,h3-27=\":443\"; ma=2592000,h3-T051=\":443\"; ma=2592000,h3-T050=\":443\"; ma=2592000,h3-Q050=\":443\"; ma=2592000,h3-Q046=\":443\"; ma=2592000,h3-Q043=\":443\"; ma=2592000,quic=\":443\"; ma=2592000; v=\"46,43\"","accept-ranges":"none","transfer-encoding":"chunked"}
[info] i  hosting: Serving hosting files from: build {"metadata":{"emulator":{"name":"hosting"},"message":"Serving hosting files from: \u001b[1mbuild\u001b[22m"}}
[info] ✔  hosting: Local server: http://localhost:5000 {"metadata":{"emulator":{"name":"hosting"},"message":"Local server: \u001b[4m\u001b[1mhttp://localhost:5000\u001b[22m\u001b[24m"}}
[debug] [2020-09-15T09:31:25.951Z] Ignoring unsupported arg: auto_download {"metadata":{"emulator":{"name":"ui"},"message":"Ignoring unsupported arg: auto_download"}}
[debug] [2020-09-15T09:31:25.951Z] Ignoring unsupported arg: port {"metadata":{"emulator":{"name":"ui"},"message":"Ignoring unsupported arg: port"}}
[debug] [2020-09-15T09:31:25.952Z] Starting Emulator UI with command {"binary":"node","args":["/Users/mahimajeslani/.cache/firebase/emulators/ui-v1.1.1/server.bundle.js"],"optionalArgs":[],"joinArgs":false} {"metadata":{"emulator":{"name":"ui"},"message":"Starting Emulator UI with command {\"binary\":\"node\",\"args\":[\"/Users/mahimajeslani/.cache/firebase/emulators/ui-v1.1.1/server.bundle.js\"],\"optionalArgs\":[],\"joinArgs\":false}"}}
[info] i  ui: Emulator UI logging to ui-debug.log {"metadata":{"emulator":{"name":"ui"},"message":"Emulator UI logging to \u001b[1mui-debug.log\u001b[22m"}}
[debug] [2020-09-15T09:31:26.038Z] Web / API server started at http://localhost:4000
 {"metadata":{"emulator":{"name":"ui"},"message":"Web / API server started at http://localhost:4000\n"}}
[info] i  functions: Watching "/Users/mahimajeslani/Desktop/React-Complete_Guide/amazon-clone/functions" for Cloud Functions... {"metadata":{"emulator":{"name":"functions"},"message":"Watching \"/Users/mahimajeslani/Desktop/React-Complete_Guide/amazon-clone/functions\" for Cloud Functions..."}}
[debug] [2020-09-15T09:31:26.220Z] [worker-pool] addWorker(~diagnostic~) {"metadata":{"emulator":{"name":"functions"},"message":"[worker-pool] addWorker(~diagnostic~)"}}
[debug] [2020-09-15T09:31:26.220Z] [worker-pool] Adding worker with key ~diagnostic~, total=1 {"metadata":{"emulator":{"name":"functions"},"message":"[worker-pool] Adding worker with key ~diagnostic~, total=1"}}
[debug] [2020-09-15T09:31:26.220Z] [worker-pool] submitWork(triggerId=) {"metadata":{"emulator":{"name":"functions"},"message":"[worker-pool] submitWork(triggerId=)"}}
[debug] [2020-09-15T09:31:26.221Z] [worker-~diagnostic~-55e7f840-18fa-4c2b-a031-63fd31d4b989]: Assigning socketPath: /tmp/fire_emu_21859.sock {"metadata":{"emulator":{"name":"functions"},"message":"[worker-~diagnostic~-55e7f840-18fa-4c2b-a031-63fd31d4b989]: Assigning socketPath: /tmp/fire_emu_21859.sock"}}
[debug] [2020-09-15T09:31:26.221Z] [worker-~diagnostic~-55e7f840-18fa-4c2b-a031-63fd31d4b989]: BUSY {"metadata":{"emulator":{"name":"functions"},"message":"[worker-~diagnostic~-55e7f840-18fa-4c2b-a031-63fd31d4b989]: BUSY"}}
[debug] [2020-09-15T09:31:26.430Z] [runtime-status] [21859] Functions runtime initialized. {"cwd":"/Users/mahimajeslani/Desktop/React-Complete_Guide/amazon-clone/functions","node_version":"12.18.0"} {"metadata":{"emulator":{"name":"functions"},"message":"[runtime-status] [21859] Functions runtime initialized. {\"cwd\":\"/Users/mahimajeslani/Desktop/React-Complete_Guide/amazon-clone/functions\",\"node_version\":\"12.18.0\"}"}}
[debug] [2020-09-15T09:31:26.430Z] [runtime-status] [21859] Disabled runtime features: undefined {"metadata":{"emulator":{"name":"functions"},"message":"[runtime-status] [21859] Disabled runtime features: undefined"}}
[debug] [2020-09-15T09:31:26.436Z] [runtime-status] [21859] Resolved module firebase-admin {"declared":true,"installed":true,"version":"8.13.0","resolution":"/Users/mahimajeslani/Desktop/React-Complete_Guide/amazon-clone/functions/node_modules/firebase-admin/lib/index.js"} {"metadata":{"emulator":{"name":"functions"},"message":"[runtime-status] [21859] Resolved module firebase-admin {\"declared\":true,\"installed\":true,\"version\":\"8.13.0\",\"resolution\":\"/Users/mahimajeslani/Desktop/React-Complete_Guide/amazon-clone/functions/node_modules/firebase-admin/lib/index.js\"}"}}
[debug] [2020-09-15T09:31:26.437Z] [runtime-status] [21859] Resolved module firebase-functions {"declared":true,"installed":true,"version":"3.11.0","resolution":"/Users/mahimajeslani/Desktop/React-Complete_Guide/amazon-clone/functions/node_modules/firebase-functions/lib/index.js"} {"metadata":{"emulator":{"name":"functions"},"message":"[runtime-status] [21859] Resolved module firebase-functions {\"declared\":true,\"installed\":true,\"version\":\"3.11.0\",\"resolution\":\"/Users/mahimajeslani/Desktop/React-Complete_Guide/amazon-clone/functions/node_modules/firebase-functions/lib/index.js\"}"}}
[debug] [2020-09-15T09:31:26.438Z] [runtime-status] [21859] Resolved module firebase-functions {"declared":true,"installed":true,"version":"3.11.0","resolution":"/Users/mahimajeslani/Desktop/React-Complete_Guide/amazon-clone/functions/node_modules/firebase-functions/lib/index.js"} {"metadata":{"emulator":{"name":"functions"},"message":"[runtime-status] [21859] Resolved module firebase-functions {\"declared\":true,\"installed\":true,\"version\":\"3.11.0\",\"resolution\":\"/Users/mahimajeslani/Desktop/React-Complete_Guide/amazon-clone/functions/node_modules/firebase-functions/lib/index.js\"}"}}
[debug] [2020-09-15T09:31:26.439Z] [runtime-status] [21859] Outgoing network have been stubbed. [{"name":"http","status":"mocked"},{"name":"http","status":"mocked"},{"name":"https","status":"mocked"},{"name":"https","status":"mocked"},{"name":"net","status":"mocked"}] {"metadata":{"emulator":{"name":"functions"},"message":"[runtime-status] [21859] Outgoing network have been stubbed. [{\"name\":\"http\",\"status\":\"mocked\"},{\"name\":\"http\",\"status\":\"mocked\"},{\"name\":\"https\",\"status\":\"mocked\"},{\"name\":\"https\",\"status\":\"mocked\"},{\"name\":\"net\",\"status\":\"mocked\"}]"}}
[debug] [2020-09-15T09:31:26.439Z] [runtime-status] [21859] Resolved module firebase-functions {"declared":true,"installed":true,"version":"3.11.0","resolution":"/Users/mahimajeslani/Desktop/React-Complete_Guide/amazon-clone/functions/node_modules/firebase-functions/lib/index.js"} {"metadata":{"emulator":{"name":"functions"},"message":"[runtime-status] [21859] Resolved module firebase-functions {\"declared\":true,\"installed\":true,\"version\":\"3.11.0\",\"resolution\":\"/Users/mahimajeslani/Desktop/React-Complete_Guide/amazon-clone/functions/node_modules/firebase-functions/lib/index.js\"}"}}
[debug] [2020-09-15T09:31:26.522Z] [runtime-status] [21859] Checked functions.config() {"config":{}} {"metadata":{"emulator":{"name":"functions"},"message":"[runtime-status] [21859] Checked functions.config() {\"config\":{}}"}}
[debug] [2020-09-15T09:31:26.522Z] [runtime-status] [21859] firebase-functions has been stubbed. {"functionsResolution":{"declared":true,"installed":true,"version":"3.11.0","resolution":"/Users/mahimajeslani/Desktop/React-Complete_Guide/amazon-clone/functions/node_modules/firebase-functions/lib/index.js"}} {"metadata":{"emulator":{"name":"functions"},"message":"[runtime-status] [21859] firebase-functions has been stubbed. {\"functionsResolution\":{\"declared\":true,\"installed\":true,\"version\":\"3.11.0\",\"resolution\":\"/Users/mahimajeslani/Desktop/React-Complete_Guide/amazon-clone/functions/node_modules/firebase-functions/lib/index.js\"}}"}}
[debug] [2020-09-15T09:31:26.523Z] [runtime-status] [21859] Resolved module firebase-functions {"declared":true,"installed":true,"version":"3.11.0","resolution":"/Users/mahimajeslani/Desktop/React-Complete_Guide/amazon-clone/functions/node_modules/firebase-functions/lib/index.js"} {"metadata":{"emulator":{"name":"functions"},"message":"[runtime-status] [21859] Resolved module firebase-functions {\"declared\":true,\"installed\":true,\"version\":\"3.11.0\",\"resolution\":\"/Users/mahimajeslani/Desktop/React-Complete_Guide/amazon-clone/functions/node_modules/firebase-functions/lib/index.js\"}"}}
[debug] [2020-09-15T09:31:26.524Z] [runtime-status] [21859] Resolved module firebase-admin {"declared":true,"installed":true,"version":"8.13.0","resolution":"/Users/mahimajeslani/Desktop/React-Complete_Guide/amazon-clone/functions/node_modules/firebase-admin/lib/index.js"} {"metadata":{"emulator":{"name":"functions"},"message":"[runtime-status] [21859] Resolved module firebase-admin {\"declared\":true,\"installed\":true,\"version\":\"8.13.0\",\"resolution\":\"/Users/mahimajeslani/Desktop/React-Complete_Guide/amazon-clone/functions/node_modules/firebase-admin/lib/index.js\"}"}}
[debug] [2020-09-15T09:31:26.524Z] [runtime-status] [21859] Resolved module firebase-functions {"declared":true,"installed":true,"version":"3.11.0","resolution":"/Users/mahimajeslani/Desktop/React-Complete_Guide/amazon-clone/functions/node_modules/firebase-functions/lib/index.js"} {"metadata":{"emulator":{"name":"functions"},"message":"[runtime-status] [21859] Resolved module firebase-functions {\"declared\":true,\"installed\":true,\"version\":\"3.11.0\",\"resolution\":\"/Users/mahimajeslani/Desktop/React-Complete_Guide/amazon-clone/functions/node_modules/firebase-functions/lib/index.js\"}"}}
[debug] [2020-09-15T09:31:26.524Z] [runtime-status] [21859] firebase-admin has been stubbed. {"adminResolution":{"declared":true,"installed":true,"version":"8.13.0","resolution":"/Users/mahimajeslani/Desktop/React-Complete_Guide/amazon-clone/functions/node_modules/firebase-admin/lib/index.js"}} {"metadata":{"emulator":{"name":"functions"},"message":"[runtime-status] [21859] firebase-admin has been stubbed. {\"adminResolution\":{\"declared\":true,\"installed\":true,\"version\":\"8.13.0\",\"resolution\":\"/Users/mahimajeslani/Desktop/React-Complete_Guide/amazon-clone/functions/node_modules/firebase-admin/lib/index.js\"}}"}}
[info] ✔  functions[api]: http function initialized (http://localhost:5001/clone-f85ec/us-central1/api). {"metadata":{"emulator":{"name":"functions"},"message":"\u001b[1mhttp\u001b[22m function initialized (http://localhost:5001/clone-f85ec/us-central1/api)."}}
[info] 
┌───────────────────────────────────────────────────────────────────────┐
│ ✔  All emulators ready! View status and logs at http://localhost:4000 │
└───────────────────────────────────────────────────────────────────────┘

┌───────────┬────────────────┬─────────────────────────────────┐
│ Emulator  │ Host:Port      │ View in Emulator UI             │
├───────────┼────────────────┼─────────────────────────────────┤
│ Functions │ localhost:5001 │ http://localhost:4000/functions │
├───────────┼────────────────┼─────────────────────────────────┤
│ Hosting   │ localhost:5000 │ n/a                             │
└───────────┴────────────────┴─────────────────────────────────┘
  Other reserved ports: 4400, 4500

Issues? Report them at https://github.com/firebase/firebase-tools/issues and attach the *-debug.log files.
 
[debug] [2020-09-15T09:31:26.727Z] [worker-~diagnostic~-55e7f840-18fa-4c2b-a031-63fd31d4b989]: IDLE {"metadata":{"emulator":{"name":"functions"},"message":"[worker-~diagnostic~-55e7f840-18fa-4c2b-a031-63fd31d4b989]: IDLE"}}
[debug] [2020-09-15T10:00:53.641Z] [work-queue] {"queueLength":1,"workRunningCount":0}
[debug] [2020-09-15T10:00:53.642Z] [work-queue] {"queueLength":0,"workRunningCount":1}
[debug] [2020-09-15T10:00:53.642Z] Accepted request POST /clone-f85ec/us-central1/api/payments/create?total=10196 --> api
[debug] [2020-09-15T10:00:53.648Z] [worker-pool] addWorker(api) {"metadata":{"emulator":{"name":"functions"},"message":"[worker-pool] addWorker(api)"}}
[debug] [2020-09-15T10:00:53.648Z] [worker-pool] Adding worker with key api, total=1 {"metadata":{"emulator":{"name":"functions"},"message":"[worker-pool] Adding worker with key api, total=1"}}
[debug] [2020-09-15T10:00:53.648Z] [worker-pool] submitWork(triggerId=api) {"metadata":{"emulator":{"name":"functions"},"message":"[worker-pool] submitWork(triggerId=api)"}}
[debug] [2020-09-15T10:00:53.648Z] [worker-api-b0eb5a89-3f7f-4a04-9bb5-7163082db82e]: Assigning socketPath: /tmp/fire_emu_22308.sock {"metadata":{"emulator":{"name":"functions"},"message":"[worker-api-b0eb5a89-3f7f-4a04-9bb5-7163082db82e]: Assigning socketPath: /tmp/fire_emu_22308.sock"}}
[debug] [2020-09-15T10:00:53.648Z] [worker-api-b0eb5a89-3f7f-4a04-9bb5-7163082db82e]: BUSY {"metadata":{"emulator":{"name":"functions"},"message":"[worker-api-b0eb5a89-3f7f-4a04-9bb5-7163082db82e]: BUSY"}}
[debug] [2020-09-15T10:00:54.105Z] [runtime-status] [22308] Functions runtime initialized. {"cwd":"/Users/mahimajeslani/Desktop/React-Complete_Guide/amazon-clone/functions","node_version":"12.18.0"} {"metadata":{"emulator":{"name":"functions"},"function":{"name":"api"},"message":"[runtime-status] [22308] Functions runtime initialized. {\"cwd\":\"/Users/mahimajeslani/Desktop/React-Complete_Guide/amazon-clone/functions\",\"node_version\":\"12.18.0\"}"}}
[debug] [2020-09-15T10:00:54.107Z] [runtime-status] [22308] Disabled runtime features: undefined {"metadata":{"emulator":{"name":"functions"},"function":{"name":"api"},"message":"[runtime-status] [22308] Disabled runtime features: undefined"}}
[debug] [2020-09-15T10:00:54.109Z] [runtime-status] [22308] Resolved module firebase-admin {"declared":true,"installed":true,"version":"8.13.0","resolution":"/Users/mahimajeslani/Desktop/React-Complete_Guide/amazon-clone/functions/node_modules/firebase-admin/lib/index.js"} {"metadata":{"emulator":{"name":"functions"},"function":{"name":"api"},"message":"[runtime-status] [22308] Resolved module firebase-admin {\"declared\":true,\"installed\":true,\"version\":\"8.13.0\",\"resolution\":\"/Users/mahimajeslani/Desktop/React-Complete_Guide/amazon-clone/functions/node_modules/firebase-admin/lib/index.js\"}"}}
[debug] [2020-09-15T10:00:54.110Z] [runtime-status] [22308] Resolved module firebase-functions {"declared":true,"installed":true,"version":"3.11.0","resolution":"/Users/mahimajeslani/Desktop/React-Complete_Guide/amazon-clone/functions/node_modules/firebase-functions/lib/index.js"} {"metadata":{"emulator":{"name":"functions"},"function":{"name":"api"},"message":"[runtime-status] [22308] Resolved module firebase-functions {\"declared\":true,\"installed\":true,\"version\":\"3.11.0\",\"resolution\":\"/Users/mahimajeslani/Desktop/React-Complete_Guide/amazon-clone/functions/node_modules/firebase-functions/lib/index.js\"}"}}
[debug] [2020-09-15T10:00:54.111Z] [runtime-status] [22308] Resolved module firebase-functions {"declared":true,"installed":true,"version":"3.11.0","resolution":"/Users/mahimajeslani/Desktop/React-Complete_Guide/amazon-clone/functions/node_modules/firebase-functions/lib/index.js"} {"metadata":{"emulator":{"name":"functions"},"function":{"name":"api"},"message":"[runtime-status] [22308] Resolved module firebase-functions {\"declared\":true,\"installed\":true,\"version\":\"3.11.0\",\"resolution\":\"/Users/mahimajeslani/Desktop/React-Complete_Guide/amazon-clone/functions/node_modules/firebase-functions/lib/index.js\"}"}}
[debug] [2020-09-15T10:00:54.112Z] [runtime-status] [22308] Outgoing network have been stubbed. [{"name":"http","status":"mocked"},{"name":"http","status":"mocked"},{"name":"https","status":"mocked"},{"name":"https","status":"mocked"},{"name":"net","status":"mocked"}] {"metadata":{"emulator":{"name":"functions"},"function":{"name":"api"},"message":"[runtime-status] [22308] Outgoing network have been stubbed. [{\"name\":\"http\",\"status\":\"mocked\"},{\"name\":\"http\",\"status\":\"mocked\"},{\"name\":\"https\",\"status\":\"mocked\"},{\"name\":\"https\",\"status\":\"mocked\"},{\"name\":\"net\",\"status\":\"mocked\"}]"}}
[debug] [2020-09-15T10:00:54.113Z] [runtime-status] [22308] Resolved module firebase-functions {"declared":true,"installed":true,"version":"3.11.0","resolution":"/Users/mahimajeslani/Desktop/React-Complete_Guide/amazon-clone/functions/node_modules/firebase-functions/lib/index.js"} {"metadata":{"emulator":{"name":"functions"},"function":{"name":"api"},"message":"[runtime-status] [22308] Resolved module firebase-functions {\"declared\":true,\"installed\":true,\"version\":\"3.11.0\",\"resolution\":\"/Users/mahimajeslani/Desktop/React-Complete_Guide/amazon-clone/functions/node_modules/firebase-functions/lib/index.js\"}"}}
[debug] [2020-09-15T10:00:54.165Z] [runtime-status] [22308] Checked functions.config() {"config":{}} {"metadata":{"emulator":{"name":"functions"},"function":{"name":"api"},"message":"[runtime-status] [22308] Checked functions.config() {\"config\":{}}"}}
[debug] [2020-09-15T10:00:54.166Z] [runtime-status] [22308] firebase-functions has been stubbed. {"functionsResolution":{"declared":true,"installed":true,"version":"3.11.0","resolution":"/Users/mahimajeslani/Desktop/React-Complete_Guide/amazon-clone/functions/node_modules/firebase-functions/lib/index.js"}} {"metadata":{"emulator":{"name":"functions"},"function":{"name":"api"},"message":"[runtime-status] [22308] firebase-functions has been stubbed. {\"functionsResolution\":{\"declared\":true,\"installed\":true,\"version\":\"3.11.0\",\"resolution\":\"/Users/mahimajeslani/Desktop/React-Complete_Guide/amazon-clone/functions/node_modules/firebase-functions/lib/index.js\"}}"}}
[debug] [2020-09-15T10:00:54.166Z] [runtime-status] [22308] Resolved module firebase-functions {"declared":true,"installed":true,"version":"3.11.0","resolution":"/Users/mahimajeslani/Desktop/React-Complete_Guide/amazon-clone/functions/node_modules/firebase-functions/lib/index.js"} {"metadata":{"emulator":{"name":"functions"},"function":{"name":"api"},"message":"[runtime-status] [22308] Resolved module firebase-functions {\"declared\":true,\"installed\":true,\"version\":\"3.11.0\",\"resolution\":\"/Users/mahimajeslani/Desktop/React-Complete_Guide/amazon-clone/functions/node_modules/firebase-functions/lib/index.js\"}"}}
[debug] [2020-09-15T10:00:54.167Z] [runtime-status] [22308] Resolved module firebase-admin {"declared":true,"installed":true,"version":"8.13.0","resolution":"/Users/mahimajeslani/Desktop/React-Complete_Guide/amazon-clone/functions/node_modules/firebase-admin/lib/index.js"} {"metadata":{"emulator":{"name":"functions"},"function":{"name":"api"},"message":"[runtime-status] [22308] Resolved module firebase-admin {\"declared\":true,\"installed\":true,\"version\":\"8.13.0\",\"resolution\":\"/Users/mahimajeslani/Desktop/React-Complete_Guide/amazon-clone/functions/node_modules/firebase-admin/lib/index.js\"}"}}
[debug] [2020-09-15T10:00:54.168Z] [runtime-status] [22308] Resolved module firebase-functions {"declared":true,"installed":true,"version":"3.11.0","resolution":"/Users/mahimajeslani/Desktop/React-Complete_Guide/amazon-clone/functions/node_modules/firebase-functions/lib/index.js"} {"metadata":{"emulator":{"name":"functions"},"function":{"name":"api"},"message":"[runtime-status] [22308] Resolved module firebase-functions {\"declared\":true,\"installed\":true,\"version\":\"3.11.0\",\"resolution\":\"/Users/mahimajeslani/Desktop/React-Complete_Guide/amazon-clone/functions/node_modules/firebase-functions/lib/index.js\"}"}}
[debug] [2020-09-15T10:00:54.168Z] [runtime-status] [22308] firebase-admin has been stubbed. {"adminResolution":{"declared":true,"installed":true,"version":"8.13.0","resolution":"/Users/mahimajeslani/Desktop/React-Complete_Guide/amazon-clone/functions/node_modules/firebase-admin/lib/index.js"}} {"metadata":{"emulator":{"name":"functions"},"function":{"name":"api"},"message":"[runtime-status] [22308] firebase-admin has been stubbed. {\"adminResolution\":{\"declared\":true,\"installed\":true,\"version\":\"8.13.0\",\"resolution\":\"/Users/mahimajeslani/Desktop/React-Complete_Guide/amazon-clone/functions/node_modules/firebase-admin/lib/index.js\"}}"}}
[debug] [2020-09-15T10:00:54.337Z] [runtime-status] [22308] Trigger "api" has been found, beginning invocation! {"metadata":{"emulator":{"name":"functions"},"function":{"name":"api"},"message":"[runtime-status] [22308] Trigger \"api\" has been found, beginning invocation!"}}
[info] i  functions: Beginning execution of "api" {"metadata":{"emulator":{"name":"functions"},"function":{"name":"api"},"message":"Beginning execution of \"api\""}}
[debug] [2020-09-15T10:00:54.338Z] [runtime-status] [22308] triggerDefinition {"httpsTrigger":{},"name":"api","entryPoint":"api"} {"metadata":{"emulator":{"name":"functions"},"function":{"name":"api"},"message":"[runtime-status] [22308] triggerDefinition {\"httpsTrigger\":{},\"name\":\"api\",\"entryPoint\":\"api\"}"}}
[debug] [2020-09-15T10:00:54.338Z] [runtime-status] [22308] Running api in mode HTTPS {"metadata":{"emulator":{"name":"functions"},"function":{"name":"api"},"message":"[runtime-status] [22308] Running api in mode HTTPS"}}
[debug] [2020-09-15T10:00:54.341Z] [runtime-status] [22308] Attempting to listen to socketPath: /tmp/fire_emu_22308.sock {"metadata":{"emulator":{"name":"functions"},"function":{"name":"api"},"message":"[runtime-status] [22308] Attempting to listen to socketPath: /tmp/fire_emu_22308.sock"}}
[debug] [2020-09-15T10:00:54.344Z] [functions] Runtime ready! Sending request! {"metadata":{"emulator":{"name":"functions"},"message":"[functions] Runtime ready! Sending request!"}}
[debug] [2020-09-15T10:00:54.351Z] [runtime-status] [22308] Ephemeral server handling POST request {"metadata":{"emulator":{"name":"functions"},"function":{"name":"api"},"message":"[runtime-status] [22308] Ephemeral server handling POST request"}}
[info] >  Payment request recieved for :  10196 {"user":"Payment request recieved for :  10196","metadata":{"emulator":{"name":"functions"},"function":{"name":"api"},"message":"\u001b[90m> \u001b[39m Payment request recieved for :  10196"}}
[debug] [2020-09-15T10:00:54.364Z] [runtime-status] [22308] Ephemeral server survived. {"metadata":{"emulator":{"name":"functions"},"function":{"name":"api"},"message":"[runtime-status] [22308] Ephemeral server survived."}}
[info] i  functions: Finished "api" in ~1s {"metadata":{"emulator":{"name":"functions"},"function":{"name":"api"},"message":"Finished \"api\" in ~1s"}}
[debug] [2020-09-15T10:00:55.306Z] [worker-api-b0eb5a89-3f7f-4a04-9bb5-7163082db82e]: IDLE {"metadata":{"emulator":{"name":"functions"},"message":"[worker-api-b0eb5a89-3f7f-4a04-9bb5-7163082db82e]: IDLE"}}
[debug] [2020-09-15T10:00:55.306Z] [work-queue] {"queueLength":0,"workRunningCount":0}
[debug] [2020-09-15T10:01:02.619Z] [work-queue] {"queueLength":1,"workRunningCount":0}
[debug] [2020-09-15T10:01:02.619Z] [work-queue] {"queueLength":0,"workRunningCount":1}
[debug] [2020-09-15T10:01:02.619Z] Accepted request POST /clone-f85ec/us-central1/api/payments/create?total=0 --> api
[debug] [2020-09-15T10:01:02.620Z] [worker-pool] submitWork(triggerId=api) {"metadata":{"emulator":{"name":"functions"},"message":"[worker-pool] submitWork(triggerId=api)"}}
[debug] [2020-09-15T10:01:02.620Z] [worker-api-b0eb5a89-3f7f-4a04-9bb5-7163082db82e]: Assigning socketPath: /tmp/fire_emu_22308.sock {"metadata":{"emulator":{"name":"functions"},"message":"[worker-api-b0eb5a89-3f7f-4a04-9bb5-7163082db82e]: Assigning socketPath: /tmp/fire_emu_22308.sock"}}
[debug] [2020-09-15T10:01:02.620Z] [worker-api-b0eb5a89-3f7f-4a04-9bb5-7163082db82e]: BUSY {"metadata":{"emulator":{"name":"functions"},"message":"[worker-api-b0eb5a89-3f7f-4a04-9bb5-7163082db82e]: BUSY"}}
[debug] [2020-09-15T10:01:02.621Z] [runtime-status] [22308] Trigger "api" has been found, beginning invocation! {"metadata":{"emulator":{"name":"functions"},"function":{"name":"api"},"message":"[runtime-status] [22308] Trigger \"api\" has been found, beginning invocation!"}}
[info] i  functions: Beginning execution of "api" {"metadata":{"emulator":{"name":"functions"},"function":{"name":"api"},"message":"Beginning execution of \"api\""}}
[debug] [2020-09-15T10:01:02.622Z] [runtime-status] [22308] triggerDefinition {"httpsTrigger":{},"name":"api","entryPoint":"api"} {"metadata":{"emulator":{"name":"functions"},"function":{"name":"api"},"message":"[runtime-status] [22308] triggerDefinition {\"httpsTrigger\":{},\"name\":\"api\",\"entryPoint\":\"api\"}"}}
[debug] [2020-09-15T10:01:02.622Z] [runtime-status] [22308] Running api in mode HTTPS {"metadata":{"emulator":{"name":"functions"},"function":{"name":"api"},"message":"[runtime-status] [22308] Running api in mode HTTPS"}}
[debug] [2020-09-15T10:01:02.622Z] [runtime-status] [22308] Attempting to listen to socketPath: /tmp/fire_emu_22308.sock {"metadata":{"emulator":{"name":"functions"},"function":{"name":"api"},"message":"[runtime-status] [22308] Attempting to listen to socketPath: /tmp/fire_emu_22308.sock"}}
[debug] [2020-09-15T10:01:02.623Z] [functions] Runtime ready! Sending request! {"metadata":{"emulator":{"name":"functions"},"message":"[functions] Runtime ready! Sending request!"}}
[debug] [2020-09-15T10:01:02.627Z] [runtime-status] [22308] Ephemeral server handling POST request {"metadata":{"emulator":{"name":"functions"},"function":{"name":"api"},"message":"[runtime-status] [22308] Ephemeral server handling POST request"}}
[info] >  Payment request recieved for :  0 {"user":"Payment request recieved for :  0","metadata":{"emulator":{"name":"functions"},"function":{"name":"api"},"message":"\u001b[90m> \u001b[39m Payment request recieved for :  0"}}
[debug] [2020-09-15T10:01:02.628Z] [runtime-status] [22308] Ephemeral server survived. {"metadata":{"emulator":{"name":"functions"},"function":{"name":"api"},"message":"[runtime-status] [22308] Ephemeral server survived."}}
[info] >  (node:22308) UnhandledPromiseRejectionWarning: Error: This value must be greater than or equal to 1. {"user":"(node:22308) UnhandledPromiseRejectionWarning: Error: This value must be greater than or equal to 1.","metadata":{"emulator":{"name":"functions"},"function":{"name":"api"},"message":"\u001b[90m> \u001b[39m (node:22308) UnhandledPromiseRejectionWarning: Error: This value must be greater than or equal to 1."}}
[info] >      at Function.generate (/Users/mahimajeslani/Desktop/React-Complete_Guide/amazon-clone/functions/node_modules/stripe/lib/Error.js:39:16) {"user":"    at Function.generate (/Users/mahimajeslani/Desktop/React-Complete_Guide/amazon-clone/functions/node_modules/stripe/lib/Error.js:39:16)","metadata":{"emulator":{"name":"functions"},"function":{"name":"api"},"message":"\u001b[90m> \u001b[39m     at Function.generate (/Users/mahimajeslani/Desktop/React-Complete_Guide/amazon-clone/functions/node_modules/stripe/lib/Error.js:39:16)"}}
[info] >      at IncomingMessage.<anonymous> (/Users/mahimajeslani/Desktop/React-Complete_Guide/amazon-clone/functions/node_modules/stripe/lib/StripeResource.js:190:33) {"user":"    at IncomingMessage.<anonymous> (/Users/mahimajeslani/Desktop/React-Complete_Guide/amazon-clone/functions/node_modules/stripe/lib/StripeResource.js:190:33)","metadata":{"emulator":{"name":"functions"},"function":{"name":"api"},"message":"\u001b[90m> \u001b[39m     at IncomingMessage.<anonymous> (/Users/mahimajeslani/Desktop/React-Complete_Guide/amazon-clone/functions/node_modules/stripe/lib/StripeResource.js:190:33)"}}
[info] >      at Object.onceWrapper (events.js:421:28) {"user":"    at Object.onceWrapper (events.js:421:28)","metadata":{"emulator":{"name":"functions"},"function":{"name":"api"},"message":"\u001b[90m> \u001b[39m     at Object.onceWrapper (events.js:421:28)"}}
[info] >      at IncomingMessage.emit (events.js:327:22) {"user":"    at IncomingMessage.emit (events.js:327:22)","metadata":{"emulator":{"name":"functions"},"function":{"name":"api"},"message":"\u001b[90m> \u001b[39m     at IncomingMessage.emit (events.js:327:22)"}}
[info] >      at endReadableNT (_stream_readable.js:1221:12) {"user":"    at endReadableNT (_stream_readable.js:1221:12)","metadata":{"emulator":{"name":"functions"},"function":{"name":"api"},"message":"\u001b[90m> \u001b[39m     at endReadableNT (_stream_readable.js:1221:12)"}}
[info] >      at processTicksAndRejections (internal/process/task_queues.js:84:21) {"user":"    at processTicksAndRejections (internal/process/task_queues.js:84:21)","metadata":{"emulator":{"name":"functions"},"function":{"name":"api"},"message":"\u001b[90m> \u001b[39m     at processTicksAndRejections (internal/process/task_queues.js:84:21)"}}
[info] >  (node:22308) UnhandledPromiseRejectionWarning: Unhandled promise rejection. This error originated either by throwing inside of an async function without a catch block, or by rejecting a promise which was not handled with .catch(). To terminate the node process on unhandled promise rejection, use the CLI flag `--unhandled-rejections=strict` (see https://nodejs.org/api/cli.html#cli_unhandled_rejections_mode). (rejection id: 1) {"user":"(node:22308) UnhandledPromiseRejectionWarning: Unhandled promise rejection. This error originated either by throwing inside of an async function without a catch block, or by rejecting a promise which was not handled with .catch(). To terminate the node process on unhandled promise rejection, use the CLI flag `--unhandled-rejections=strict` (see https://nodejs.org/api/cli.html#cli_unhandled_rejections_mode). (rejection id: 1)","metadata":{"emulator":{"name":"functions"},"function":{"name":"api"},"message":"\u001b[90m> \u001b[39m (node:22308) UnhandledPromiseRejectionWarning: Unhandled promise rejection. This error originated either by throwing inside of an async function without a catch block, or by rejecting a promise which was not handled with .catch(). To terminate the node process on unhandled promise rejection, use the CLI flag `--unhandled-rejections=strict` (see https://nodejs.org/api/cli.html#cli_unhandled_rejections_mode). (rejection id: 1)"}}
[info] >  (node:22308) [DEP0018] DeprecationWarning: Unhandled promise rejections are deprecated. In the future, promise rejections that are not handled will terminate the Node.js process with a non-zero exit code. {"user":"(node:22308) [DEP0018] DeprecationWarning: Unhandled promise rejections are deprecated. In the future, promise rejections that are not handled will terminate the Node.js process with a non-zero exit code.","metadata":{"emulator":{"name":"functions"},"function":{"name":"api"},"message":"\u001b[90m> \u001b[39m (node:22308) [DEP0018] DeprecationWarning: Unhandled promise rejections are deprecated. In the future, promise rejections that are not handled will terminate the Node.js process with a non-zero exit code."}}
[warn] ⚠  functions: Your function timed out after ~60s. To configure this timeout, see
      https://firebase.google.com/docs/functions/manage-functions#set_timeout_and_memory_allocation. {"metadata":{"emulator":{"name":"functions"},"function":{"name":"api"},"message":"Your function timed out after ~60s. To configure this timeout, see\n      https://firebase.google.com/docs/functions/manage-functions#set_timeout_and_memory_allocation."}}
[info] >  /usr/local/lib/node_modules/firebase-tools/lib/emulator/functionsEmulatorRuntime.js:642 {"user":"/usr/local/lib/node_modules/firebase-tools/lib/emulator/functionsEmulatorRuntime.js:642","metadata":{"emulator":{"name":"functions"},"function":{"name":"api"},"message":"\u001b[90m> \u001b[39m /usr/local/lib/node_modules/firebase-tools/lib/emulator/functionsEmulatorRuntime.js:642"}}
[info] >                  throw new Error("Function timed out."); {"user":"                throw new Error(\"Function timed out.\");","metadata":{"emulator":{"name":"functions"},"function":{"name":"api"},"message":"\u001b[90m> \u001b[39m                 throw new Error(\"Function timed out.\");"}}
[info] >                  ^ {"user":"                ^","metadata":{"emulator":{"name":"functions"},"function":{"name":"api"},"message":"\u001b[90m> \u001b[39m                 ^"}}
[info] >   {"user":"","metadata":{"emulator":{"name":"functions"},"function":{"name":"api"},"message":"\u001b[90m> \u001b[39m "}}
[info] >  Error: Function timed out. {"user":"Error: Function timed out.","metadata":{"emulator":{"name":"functions"},"function":{"name":"api"},"message":"\u001b[90m> \u001b[39m Error: Function timed out."}}
[info] >      at Timeout._onTimeout (/usr/local/lib/node_modules/firebase-tools/lib/emulator/functionsEmulatorRuntime.js:642:23) {"user":"    at Timeout._onTimeout (/usr/local/lib/node_modules/firebase-tools/lib/emulator/functionsEmulatorRuntime.js:642:23)","metadata":{"emulator":{"name":"functions"},"function":{"name":"api"},"message":"\u001b[90m> \u001b[39m     at Timeout._onTimeout (/usr/local/lib/node_modules/firebase-tools/lib/emulator/functionsEmulatorRuntime.js:642:23)"}}
[info] >      at listOnTimeout (internal/timers.js:549:17) {"user":"    at listOnTimeout (internal/timers.js:549:17)","metadata":{"emulator":{"name":"functions"},"function":{"name":"api"},"message":"\u001b[90m> \u001b[39m     at listOnTimeout (internal/timers.js:549:17)"}}
[info] >      at processTimers (internal/timers.js:492:7) {"user":"    at processTimers (internal/timers.js:492:7)","metadata":{"emulator":{"name":"functions"},"function":{"name":"api"},"message":"\u001b[90m> \u001b[39m     at processTimers (internal/timers.js:492:7)"}}
[debug] [2020-09-15T10:02:02.633Z] [worker-api-b0eb5a89-3f7f-4a04-9bb5-7163082db82e]: exited {"metadata":{"emulator":{"name":"functions"},"message":"[worker-api-b0eb5a89-3f7f-4a04-9bb5-7163082db82e]: exited"}}
[debug] [2020-09-15T10:02:02.634Z] [worker-api-b0eb5a89-3f7f-4a04-9bb5-7163082db82e]: FINISHED {"metadata":{"emulator":{"name":"functions"},"message":"[worker-api-b0eb5a89-3f7f-4a04-9bb5-7163082db82e]: FINISHED"}}
[debug] [2020-09-15T10:02:02.634Z] [work-queue] {"queueLength":0,"workRunningCount":0}
[debug] [2020-09-15T10:49:50.663Z] [work-queue] {"queueLength":1,"workRunningCount":0}
[debug] [2020-09-15T10:49:50.663Z] [work-queue] {"queueLength":0,"workRunningCount":1}
[debug] [2020-09-15T10:49:50.663Z] Accepted request POST /clone-f85ec/us-central1/api/payments/create?total=18192 --> api
[debug] [2020-09-15T10:49:50.663Z] [worker-pool] Cleaned up workers for api: 1 --> 0 {"metadata":{"emulator":{"name":"functions"},"message":"[worker-pool] Cleaned up workers for api: 1 --> 0"}}
[debug] [2020-09-15T10:49:50.668Z] [worker-pool] addWorker(api) {"metadata":{"emulator":{"name":"functions"},"message":"[worker-pool] addWorker(api)"}}
[debug] [2020-09-15T10:49:50.668Z] [worker-pool] Adding worker with key api, total=1 {"metadata":{"emulator":{"name":"functions"},"message":"[worker-pool] Adding worker with key api, total=1"}}
[debug] [2020-09-15T10:49:50.668Z] [worker-pool] submitWork(triggerId=api) {"metadata":{"emulator":{"name":"functions"},"message":"[worker-pool] submitWork(triggerId=api)"}}
[debug] [2020-09-15T10:49:50.668Z] [worker-api-8dfc9a16-30a8-42fd-83c1-068a555895f3]: Assigning socketPath: /tmp/fire_emu_22779.sock {"metadata":{"emulator":{"name":"functions"},"message":"[worker-api-8dfc9a16-30a8-42fd-83c1-068a555895f3]: Assigning socketPath: /tmp/fire_emu_22779.sock"}}
[debug] [2020-09-15T10:49:50.668Z] [worker-api-8dfc9a16-30a8-42fd-83c1-068a555895f3]: BUSY {"metadata":{"emulator":{"name":"functions"},"message":"[worker-api-8dfc9a16-30a8-42fd-83c1-068a555895f3]: BUSY"}}
[debug] [2020-09-15T10:49:51.129Z] [runtime-status] [22779] Functions runtime initialized. {"cwd":"/Users/mahimajeslani/Desktop/React-Complete_Guide/amazon-clone/functions","node_version":"12.18.0"} {"metadata":{"emulator":{"name":"functions"},"function":{"name":"api"},"message":"[runtime-status] [22779] Functions runtime initialized. {\"cwd\":\"/Users/mahimajeslani/Desktop/React-Complete_Guide/amazon-clone/functions\",\"node_version\":\"12.18.0\"}"}}
[debug] [2020-09-15T10:49:51.130Z] [runtime-status] [22779] Disabled runtime features: undefined {"metadata":{"emulator":{"name":"functions"},"function":{"name":"api"},"message":"[runtime-status] [22779] Disabled runtime features: undefined"}}
[debug] [2020-09-15T10:49:51.132Z] [runtime-status] [22779] Resolved module firebase-admin {"declared":true,"installed":true,"version":"8.13.0","resolution":"/Users/mahimajeslani/Desktop/React-Complete_Guide/amazon-clone/functions/node_modules/firebase-admin/lib/index.js"} {"metadata":{"emulator":{"name":"functions"},"function":{"name":"api"},"message":"[runtime-status] [22779] Resolved module firebase-admin {\"declared\":true,\"installed\":true,\"version\":\"8.13.0\",\"resolution\":\"/Users/mahimajeslani/Desktop/React-Complete_Guide/amazon-clone/functions/node_modules/firebase-admin/lib/index.js\"}"}}
[debug] [2020-09-15T10:49:51.133Z] [runtime-status] [22779] Resolved module firebase-functions {"declared":true,"installed":true,"version":"3.11.0","resolution":"/Users/mahimajeslani/Desktop/React-Complete_Guide/amazon-clone/functions/node_modules/firebase-functions/lib/index.js"} {"metadata":{"emulator":{"name":"functions"},"function":{"name":"api"},"message":"[runtime-status] [22779] Resolved module firebase-functions {\"declared\":true,\"installed\":true,\"version\":\"3.11.0\",\"resolution\":\"/Users/mahimajeslani/Desktop/React-Complete_Guide/amazon-clone/functions/node_modules/firebase-functions/lib/index.js\"}"}}
[debug] [2020-09-15T10:49:51.134Z] [runtime-status] [22779] Resolved module firebase-functions {"declared":true,"installed":true,"version":"3.11.0","resolution":"/Users/mahimajeslani/Desktop/React-Complete_Guide/amazon-clone/functions/node_modules/firebase-functions/lib/index.js"} {"metadata":{"emulator":{"name":"functions"},"function":{"name":"api"},"message":"[runtime-status] [22779] Resolved module firebase-functions {\"declared\":true,\"installed\":true,\"version\":\"3.11.0\",\"resolution\":\"/Users/mahimajeslani/Desktop/React-Complete_Guide/amazon-clone/functions/node_modules/firebase-functions/lib/index.js\"}"}}
[debug] [2020-09-15T10:49:51.135Z] [runtime-status] [22779] Outgoing network have been stubbed. [{"name":"http","status":"mocked"},{"name":"http","status":"mocked"},{"name":"https","status":"mocked"},{"name":"https","status":"mocked"},{"name":"net","status":"mocked"}] {"metadata":{"emulator":{"name":"functions"},"function":{"name":"api"},"message":"[runtime-status] [22779] Outgoing network have been stubbed. [{\"name\":\"http\",\"status\":\"mocked\"},{\"name\":\"http\",\"status\":\"mocked\"},{\"name\":\"https\",\"status\":\"mocked\"},{\"name\":\"https\",\"status\":\"mocked\"},{\"name\":\"net\",\"status\":\"mocked\"}]"}}
[debug] [2020-09-15T10:49:51.135Z] [runtime-status] [22779] Resolved module firebase-functions {"declared":true,"installed":true,"version":"3.11.0","resolution":"/Users/mahimajeslani/Desktop/React-Complete_Guide/amazon-clone/functions/node_modules/firebase-functions/lib/index.js"} {"metadata":{"emulator":{"name":"functions"},"function":{"name":"api"},"message":"[runtime-status] [22779] Resolved module firebase-functions {\"declared\":true,\"installed\":true,\"version\":\"3.11.0\",\"resolution\":\"/Users/mahimajeslani/Desktop/React-Complete_Guide/amazon-clone/functions/node_modules/firebase-functions/lib/index.js\"}"}}
[debug] [2020-09-15T10:49:51.194Z] [runtime-status] [22779] Checked functions.config() {"config":{}} {"metadata":{"emulator":{"name":"functions"},"function":{"name":"api"},"message":"[runtime-status] [22779] Checked functions.config() {\"config\":{}}"}}
[debug] [2020-09-15T10:49:51.194Z] [runtime-status] [22779] firebase-functions has been stubbed. {"functionsResolution":{"declared":true,"installed":true,"version":"3.11.0","resolution":"/Users/mahimajeslani/Desktop/React-Complete_Guide/amazon-clone/functions/node_modules/firebase-functions/lib/index.js"}} {"metadata":{"emulator":{"name":"functions"},"function":{"name":"api"},"message":"[runtime-status] [22779] firebase-functions has been stubbed. {\"functionsResolution\":{\"declared\":true,\"installed\":true,\"version\":\"3.11.0\",\"resolution\":\"/Users/mahimajeslani/Desktop/React-Complete_Guide/amazon-clone/functions/node_modules/firebase-functions/lib/index.js\"}}"}}
[debug] [2020-09-15T10:49:51.194Z] [runtime-status] [22779] Resolved module firebase-functions {"declared":true,"installed":true,"version":"3.11.0","resolution":"/Users/mahimajeslani/Desktop/React-Complete_Guide/amazon-clone/functions/node_modules/firebase-functions/lib/index.js"} {"metadata":{"emulator":{"name":"functions"},"function":{"name":"api"},"message":"[runtime-status] [22779] Resolved module firebase-functions {\"declared\":true,\"installed\":true,\"version\":\"3.11.0\",\"resolution\":\"/Users/mahimajeslani/Desktop/React-Complete_Guide/amazon-clone/functions/node_modules/firebase-functions/lib/index.js\"}"}}
[debug] [2020-09-15T10:49:51.194Z] [runtime-status] [22779] Resolved module firebase-admin {"declared":true,"installed":true,"version":"8.13.0","resolution":"/Users/mahimajeslani/Desktop/React-Complete_Guide/amazon-clone/functions/node_modules/firebase-admin/lib/index.js"} {"metadata":{"emulator":{"name":"functions"},"function":{"name":"api"},"message":"[runtime-status] [22779] Resolved module firebase-admin {\"declared\":true,\"installed\":true,\"version\":\"8.13.0\",\"resolution\":\"/Users/mahimajeslani/Desktop/React-Complete_Guide/amazon-clone/functions/node_modules/firebase-admin/lib/index.js\"}"}}
[debug] [2020-09-15T10:49:51.195Z] [runtime-status] [22779] Resolved module firebase-functions {"declared":true,"installed":true,"version":"3.11.0","resolution":"/Users/mahimajeslani/Desktop/React-Complete_Guide/amazon-clone/functions/node_modules/firebase-functions/lib/index.js"} {"metadata":{"emulator":{"name":"functions"},"function":{"name":"api"},"message":"[runtime-status] [22779] Resolved module firebase-functions {\"declared\":true,\"installed\":true,\"version\":\"3.11.0\",\"resolution\":\"/Users/mahimajeslani/Desktop/React-Complete_Guide/amazon-clone/functions/node_modules/firebase-functions/lib/index.js\"}"}}
[debug] [2020-09-15T10:49:51.195Z] [runtime-status] [22779] firebase-admin has been stubbed. {"adminResolution":{"declared":true,"installed":true,"version":"8.13.0","resolution":"/Users/mahimajeslani/Desktop/React-Complete_Guide/amazon-clone/functions/node_modules/firebase-admin/lib/index.js"}} {"metadata":{"emulator":{"name":"functions"},"function":{"name":"api"},"message":"[runtime-status] [22779] firebase-admin has been stubbed. {\"adminResolution\":{\"declared\":true,\"installed\":true,\"version\":\"8.13.0\",\"resolution\":\"/Users/mahimajeslani/Desktop/React-Complete_Guide/amazon-clone/functions/node_modules/firebase-admin/lib/index.js\"}}"}}
[debug] [2020-09-15T10:49:51.362Z] [runtime-status] [22779] Trigger "api" has been found, beginning invocation! {"metadata":{"emulator":{"name":"functions"},"function":{"name":"api"},"message":"[runtime-status] [22779] Trigger \"api\" has been found, beginning invocation!"}}
[info] i  functions: Beginning execution of "api" {"metadata":{"emulator":{"name":"functions"},"function":{"name":"api"},"message":"Beginning execution of \"api\""}}
[debug] [2020-09-15T10:49:51.363Z] [runtime-status] [22779] triggerDefinition {"httpsTrigger":{},"name":"api","entryPoint":"api"} {"metadata":{"emulator":{"name":"functions"},"function":{"name":"api"},"message":"[runtime-status] [22779] triggerDefinition {\"httpsTrigger\":{},\"name\":\"api\",\"entryPoint\":\"api\"}"}}
[debug] [2020-09-15T10:49:51.363Z] [runtime-status] [22779] Running api in mode HTTPS {"metadata":{"emulator":{"name":"functions"},"function":{"name":"api"},"message":"[runtime-status] [22779] Running api in mode HTTPS"}}
[debug] [2020-09-15T10:49:51.365Z] [runtime-status] [22779] Attempting to listen to socketPath: /tmp/fire_emu_22779.sock {"metadata":{"emulator":{"name":"functions"},"function":{"name":"api"},"message":"[runtime-status] [22779] Attempting to listen to socketPath: /tmp/fire_emu_22779.sock"}}
[debug] [2020-09-15T10:49:51.369Z] [functions] Runtime ready! Sending request! {"metadata":{"emulator":{"name":"functions"},"message":"[functions] Runtime ready! Sending request!"}}
[debug] [2020-09-15T10:49:51.376Z] [runtime-status] [22779] Ephemeral server handling POST request {"metadata":{"emulator":{"name":"functions"},"function":{"name":"api"},"message":"[runtime-status] [22779] Ephemeral server handling POST request"}}
[info] >  Payment request recieved for :  18192 {"user":"Payment request recieved for :  18192","metadata":{"emulator":{"name":"functions"},"function":{"name":"api"},"message":"\u001b[90m> \u001b[39m Payment request recieved for :  18192"}}
[debug] [2020-09-15T10:49:51.395Z] [runtime-status] [22779] Ephemeral server survived. {"metadata":{"emulator":{"name":"functions"},"function":{"name":"api"},"message":"[runtime-status] [22779] Ephemeral server survived."}}
[info] i  functions: Finished "api" in ~1s {"metadata":{"emulator":{"name":"functions"},"function":{"name":"api"},"message":"Finished \"api\" in ~1s"}}
[debug] [2020-09-15T10:49:52.067Z] [worker-api-8dfc9a16-30a8-42fd-83c1-068a555895f3]: IDLE {"metadata":{"emulator":{"name":"functions"},"message":"[worker-api-8dfc9a16-30a8-42fd-83c1-068a555895f3]: IDLE"}}
[debug] [2020-09-15T10:49:52.067Z] [work-queue] {"queueLength":0,"workRunningCount":0}
[debug] [2020-09-15T10:50:00.360Z] [work-queue] {"queueLength":1,"workRunningCount":0}
[debug] [2020-09-15T10:50:00.361Z] [work-queue] {"queueLength":0,"workRunningCount":1}
[debug] [2020-09-15T10:50:00.362Z] Accepted request POST /clone-f85ec/us-central1/api/payments/create?total=0 --> api
[debug] [2020-09-15T10:50:00.362Z] [worker-pool] submitWork(triggerId=api) {"metadata":{"emulator":{"name":"functions"},"message":"[worker-pool] submitWork(triggerId=api)"}}
[debug] [2020-09-15T10:50:00.362Z] [worker-api-8dfc9a16-30a8-42fd-83c1-068a555895f3]: Assigning socketPath: /tmp/fire_emu_22779.sock {"metadata":{"emulator":{"name":"functions"},"message":"[worker-api-8dfc9a16-30a8-42fd-83c1-068a555895f3]: Assigning socketPath: /tmp/fire_emu_22779.sock"}}
[debug] [2020-09-15T10:50:00.363Z] [worker-api-8dfc9a16-30a8-42fd-83c1-068a555895f3]: BUSY {"metadata":{"emulator":{"name":"functions"},"message":"[worker-api-8dfc9a16-30a8-42fd-83c1-068a555895f3]: BUSY"}}
[debug] [2020-09-15T10:50:00.363Z] [runtime-status] [22779] Trigger "api" has been found, beginning invocation! {"metadata":{"emulator":{"name":"functions"},"function":{"name":"api"},"message":"[runtime-status] [22779] Trigger \"api\" has been found, beginning invocation!"}}
[info] i  functions: Beginning execution of "api" {"metadata":{"emulator":{"name":"functions"},"function":{"name":"api"},"message":"Beginning execution of \"api\""}}
[debug] [2020-09-15T10:50:00.364Z] [runtime-status] [22779] triggerDefinition {"httpsTrigger":{},"name":"api","entryPoint":"api"} {"metadata":{"emulator":{"name":"functions"},"function":{"name":"api"},"message":"[runtime-status] [22779] triggerDefinition {\"httpsTrigger\":{},\"name\":\"api\",\"entryPoint\":\"api\"}"}}
[debug] [2020-09-15T10:50:00.364Z] [runtime-status] [22779] Running api in mode HTTPS {"metadata":{"emulator":{"name":"functions"},"function":{"name":"api"},"message":"[runtime-status] [22779] Running api in mode HTTPS"}}
[debug] [2020-09-15T10:50:00.364Z] [runtime-status] [22779] Attempting to listen to socketPath: /tmp/fire_emu_22779.sock {"metadata":{"emulator":{"name":"functions"},"function":{"name":"api"},"message":"[runtime-status] [22779] Attempting to listen to socketPath: /tmp/fire_emu_22779.sock"}}
[debug] [2020-09-15T10:50:00.365Z] [functions] Runtime ready! Sending request! {"metadata":{"emulator":{"name":"functions"},"message":"[functions] Runtime ready! Sending request!"}}
[debug] [2020-09-15T10:50:00.367Z] [runtime-status] [22779] Ephemeral server handling POST request {"metadata":{"emulator":{"name":"functions"},"function":{"name":"api"},"message":"[runtime-status] [22779] Ephemeral server handling POST request"}}
[info] >  Payment request recieved for :  0 {"user":"Payment request recieved for :  0","metadata":{"emulator":{"name":"functions"},"function":{"name":"api"},"message":"\u001b[90m> \u001b[39m Payment request recieved for :  0"}}
[debug] [2020-09-15T10:50:00.369Z] [runtime-status] [22779] Ephemeral server survived. {"metadata":{"emulator":{"name":"functions"},"function":{"name":"api"},"message":"[runtime-status] [22779] Ephemeral server survived."}}
[info] >  (node:22779) UnhandledPromiseRejectionWarning: Error: This value must be greater than or equal to 1. {"user":"(node:22779) UnhandledPromiseRejectionWarning: Error: This value must be greater than or equal to 1.","metadata":{"emulator":{"name":"functions"},"function":{"name":"api"},"message":"\u001b[90m> \u001b[39m (node:22779) UnhandledPromiseRejectionWarning: Error: This value must be greater than or equal to 1."}}
[info] >      at Function.generate (/Users/mahimajeslani/Desktop/React-Complete_Guide/amazon-clone/functions/node_modules/stripe/lib/Error.js:39:16) {"user":"    at Function.generate (/Users/mahimajeslani/Desktop/React-Complete_Guide/amazon-clone/functions/node_modules/stripe/lib/Error.js:39:16)","metadata":{"emulator":{"name":"functions"},"function":{"name":"api"},"message":"\u001b[90m> \u001b[39m     at Function.generate (/Users/mahimajeslani/Desktop/React-Complete_Guide/amazon-clone/functions/node_modules/stripe/lib/Error.js:39:16)"}}
[info] >      at IncomingMessage.<anonymous> (/Users/mahimajeslani/Desktop/React-Complete_Guide/amazon-clone/functions/node_modules/stripe/lib/StripeResource.js:190:33) {"user":"    at IncomingMessage.<anonymous> (/Users/mahimajeslani/Desktop/React-Complete_Guide/amazon-clone/functions/node_modules/stripe/lib/StripeResource.js:190:33)","metadata":{"emulator":{"name":"functions"},"function":{"name":"api"},"message":"\u001b[90m> \u001b[39m     at IncomingMessage.<anonymous> (/Users/mahimajeslani/Desktop/React-Complete_Guide/amazon-clone/functions/node_modules/stripe/lib/StripeResource.js:190:33)"}}
[info] >      at Object.onceWrapper (events.js:421:28) {"user":"    at Object.onceWrapper (events.js:421:28)","metadata":{"emulator":{"name":"functions"},"function":{"name":"api"},"message":"\u001b[90m> \u001b[39m     at Object.onceWrapper (events.js:421:28)"}}
[info] >      at IncomingMessage.emit (events.js:327:22) {"user":"    at IncomingMessage.emit (events.js:327:22)","metadata":{"emulator":{"name":"functions"},"function":{"name":"api"},"message":"\u001b[90m> \u001b[39m     at IncomingMessage.emit (events.js:327:22)"}}
[info] >      at endReadableNT (_stream_readable.js:1221:12) {"user":"    at endReadableNT (_stream_readable.js:1221:12)","metadata":{"emulator":{"name":"functions"},"function":{"name":"api"},"message":"\u001b[90m> \u001b[39m     at endReadableNT (_stream_readable.js:1221:12)"}}
[info] >      at processTicksAndRejections (internal/process/task_queues.js:84:21) {"user":"    at processTicksAndRejections (internal/process/task_queues.js:84:21)","metadata":{"emulator":{"name":"functions"},"function":{"name":"api"},"message":"\u001b[90m> \u001b[39m     at processTicksAndRejections (internal/process/task_queues.js:84:21)"}}
[info] >  (node:22779) UnhandledPromiseRejectionWarning: Unhandled promise rejection. This error originated either by throwing inside of an async function without a catch block, or by rejecting a promise which was not handled with .catch(). To terminate the node process on unhandled promise rejection, use the CLI flag `--unhandled-rejections=strict` (see https://nodejs.org/api/cli.html#cli_unhandled_rejections_mode). (rejection id: 1) {"user":"(node:22779) UnhandledPromiseRejectionWarning: Unhandled promise rejection. This error originated either by throwing inside of an async function without a catch block, or by rejecting a promise which was not handled with .catch(). To terminate the node process on unhandled promise rejection, use the CLI flag `--unhandled-rejections=strict` (see https://nodejs.org/api/cli.html#cli_unhandled_rejections_mode). (rejection id: 1)","metadata":{"emulator":{"name":"functions"},"function":{"name":"api"},"message":"\u001b[90m> \u001b[39m (node:22779) UnhandledPromiseRejectionWarning: Unhandled promise rejection. This error originated either by throwing inside of an async function without a catch block, or by rejecting a promise which was not handled with .catch(). To terminate the node process on unhandled promise rejection, use the CLI flag `--unhandled-rejections=strict` (see https://nodejs.org/api/cli.html#cli_unhandled_rejections_mode). (rejection id: 1)"}}
[info] >  (node:22779) [DEP0018] DeprecationWarning: Unhandled promise rejections are deprecated. In the future, promise rejections that are not handled will terminate the Node.js process with a non-zero exit code. {"user":"(node:22779) [DEP0018] DeprecationWarning: Unhandled promise rejections are deprecated. In the future, promise rejections that are not handled will terminate the Node.js process with a non-zero exit code.","metadata":{"emulator":{"name":"functions"},"function":{"name":"api"},"message":"\u001b[90m> \u001b[39m (node:22779) [DEP0018] DeprecationWarning: Unhandled promise rejections are deprecated. In the future, promise rejections that are not handled will terminate the Node.js process with a non-zero exit code."}}
[warn] ⚠  functions: Your function timed out after ~60s. To configure this timeout, see
      https://firebase.google.com/docs/functions/manage-functions#set_timeout_and_memory_allocation. {"metadata":{"emulator":{"name":"functions"},"function":{"name":"api"},"message":"Your function timed out after ~60s. To configure this timeout, see\n      https://firebase.google.com/docs/functions/manage-functions#set_timeout_and_memory_allocation."}}
[info] >  /usr/local/lib/node_modules/firebase-tools/lib/emulator/functionsEmulatorRuntime.js:642 {"user":"/usr/local/lib/node_modules/firebase-tools/lib/emulator/functionsEmulatorRuntime.js:642","metadata":{"emulator":{"name":"functions"},"function":{"name":"api"},"message":"\u001b[90m> \u001b[39m /usr/local/lib/node_modules/firebase-tools/lib/emulator/functionsEmulatorRuntime.js:642"}}
[info] >                  throw new Error("Function timed out."); {"user":"                throw new Error(\"Function timed out.\");","metadata":{"emulator":{"name":"functions"},"function":{"name":"api"},"message":"\u001b[90m> \u001b[39m                 throw new Error(\"Function timed out.\");"}}
[info] >                  ^ {"user":"                ^","metadata":{"emulator":{"name":"functions"},"function":{"name":"api"},"message":"\u001b[90m> \u001b[39m                 ^"}}
[info] >   {"user":"","metadata":{"emulator":{"name":"functions"},"function":{"name":"api"},"message":"\u001b[90m> \u001b[39m "}}
[info] >  Error: Function timed out. {"user":"Error: Function timed out.","metadata":{"emulator":{"name":"functions"},"function":{"name":"api"},"message":"\u001b[90m> \u001b[39m Error: Function timed out."}}
[info] >      at Timeout._onTimeout (/usr/local/lib/node_modules/firebase-tools/lib/emulator/functionsEmulatorRuntime.js:642:23) {"user":"    at Timeout._onTimeout (/usr/local/lib/node_modules/firebase-tools/lib/emulator/functionsEmulatorRuntime.js:642:23)","metadata":{"emulator":{"name":"functions"},"function":{"name":"api"},"message":"\u001b[90m> \u001b[39m     at Timeout._onTimeout (/usr/local/lib/node_modules/firebase-tools/lib/emulator/functionsEmulatorRuntime.js:642:23)"}}
[info] >      at listOnTimeout (internal/timers.js:549:17) {"user":"    at listOnTimeout (internal/timers.js:549:17)","metadata":{"emulator":{"name":"functions"},"function":{"name":"api"},"message":"\u001b[90m> \u001b[39m     at listOnTimeout (internal/timers.js:549:17)"}}
[info] >      at processTimers (internal/timers.js:492:7) {"user":"    at processTimers (internal/timers.js:492:7)","metadata":{"emulator":{"name":"functions"},"function":{"name":"api"},"message":"\u001b[90m> \u001b[39m     at processTimers (internal/timers.js:492:7)"}}
[debug] [2020-09-15T10:51:00.373Z] [worker-api-8dfc9a16-30a8-42fd-83c1-068a555895f3]: exited {"metadata":{"emulator":{"name":"functions"},"message":"[worker-api-8dfc9a16-30a8-42fd-83c1-068a555895f3]: exited"}}
[debug] [2020-09-15T10:51:00.373Z] [worker-api-8dfc9a16-30a8-42fd-83c1-068a555895f3]: FINISHED {"metadata":{"emulator":{"name":"functions"},"message":"[worker-api-8dfc9a16-30a8-42fd-83c1-068a555895f3]: FINISHED"}}
[debug] [2020-09-15T10:51:00.373Z] [work-queue] {"queueLength":0,"workRunningCount":0}
[debug] [2020-09-15T20:20:56.010Z] [work-queue] {"queueLength":1,"workRunningCount":0}
[debug] [2020-09-15T20:20:56.011Z] [work-queue] {"queueLength":0,"workRunningCount":1}
[debug] [2020-09-15T20:20:56.012Z] Accepted request POST /clone-f85ec/us-central1/api/payments/create?total=14194 --> api
[debug] [2020-09-15T20:20:56.012Z] [worker-pool] Cleaned up workers for api: 1 --> 0 {"metadata":{"emulator":{"name":"functions"},"message":"[worker-pool] Cleaned up workers for api: 1 --> 0"}}
[debug] [2020-09-15T20:20:56.019Z] [worker-pool] addWorker(api) {"metadata":{"emulator":{"name":"functions"},"message":"[worker-pool] addWorker(api)"}}
[debug] [2020-09-15T20:20:56.019Z] [worker-pool] Adding worker with key api, total=1 {"metadata":{"emulator":{"name":"functions"},"message":"[worker-pool] Adding worker with key api, total=1"}}
[debug] [2020-09-15T20:20:56.019Z] [worker-pool] submitWork(triggerId=api) {"metadata":{"emulator":{"name":"functions"},"message":"[worker-pool] submitWork(triggerId=api)"}}
[debug] [2020-09-15T20:20:56.020Z] [worker-api-efb0368c-ae37-4d86-ba11-6911e1a9b936]: Assigning socketPath: /tmp/fire_emu_26256.sock {"metadata":{"emulator":{"name":"functions"},"message":"[worker-api-efb0368c-ae37-4d86-ba11-6911e1a9b936]: Assigning socketPath: /tmp/fire_emu_26256.sock"}}
[debug] [2020-09-15T20:20:56.020Z] [worker-api-efb0368c-ae37-4d86-ba11-6911e1a9b936]: BUSY {"metadata":{"emulator":{"name":"functions"},"message":"[worker-api-efb0368c-ae37-4d86-ba11-6911e1a9b936]: BUSY"}}
[debug] [2020-09-15T20:20:56.516Z] [runtime-status] [26256] Functions runtime initialized. {"cwd":"/Users/mahimajeslani/Desktop/React-Complete_Guide/amazon-clone/functions","node_version":"12.18.0"} {"metadata":{"emulator":{"name":"functions"},"function":{"name":"api"},"message":"[runtime-status] [26256] Functions runtime initialized. {\"cwd\":\"/Users/mahimajeslani/Desktop/React-Complete_Guide/amazon-clone/functions\",\"node_version\":\"12.18.0\"}"}}
[debug] [2020-09-15T20:20:56.517Z] [runtime-status] [26256] Disabled runtime features: undefined {"metadata":{"emulator":{"name":"functions"},"function":{"name":"api"},"message":"[runtime-status] [26256] Disabled runtime features: undefined"}}
[debug] [2020-09-15T20:20:56.519Z] [runtime-status] [26256] Resolved module firebase-admin {"declared":true,"installed":true,"version":"8.13.0","resolution":"/Users/mahimajeslani/Desktop/React-Complete_Guide/amazon-clone/functions/node_modules/firebase-admin/lib/index.js"} {"metadata":{"emulator":{"name":"functions"},"function":{"name":"api"},"message":"[runtime-status] [26256] Resolved module firebase-admin {\"declared\":true,\"installed\":true,\"version\":\"8.13.0\",\"resolution\":\"/Users/mahimajeslani/Desktop/React-Complete_Guide/amazon-clone/functions/node_modules/firebase-admin/lib/index.js\"}"}}
[debug] [2020-09-15T20:20:56.521Z] [runtime-status] [26256] Resolved module firebase-functions {"declared":true,"installed":true,"version":"3.11.0","resolution":"/Users/mahimajeslani/Desktop/React-Complete_Guide/amazon-clone/functions/node_modules/firebase-functions/lib/index.js"} {"metadata":{"emulator":{"name":"functions"},"function":{"name":"api"},"message":"[runtime-status] [26256] Resolved module firebase-functions {\"declared\":true,\"installed\":true,\"version\":\"3.11.0\",\"resolution\":\"/Users/mahimajeslani/Desktop/React-Complete_Guide/amazon-clone/functions/node_modules/firebase-functions/lib/index.js\"}"}}
[debug] [2020-09-15T20:20:56.522Z] [runtime-status] [26256] Resolved module firebase-functions {"declared":true,"installed":true,"version":"3.11.0","resolution":"/Users/mahimajeslani/Desktop/React-Complete_Guide/amazon-clone/functions/node_modules/firebase-functions/lib/index.js"} {"metadata":{"emulator":{"name":"functions"},"function":{"name":"api"},"message":"[runtime-status] [26256] Resolved module firebase-functions {\"declared\":true,\"installed\":true,\"version\":\"3.11.0\",\"resolution\":\"/Users/mahimajeslani/Desktop/React-Complete_Guide/amazon-clone/functions/node_modules/firebase-functions/lib/index.js\"}"}}
[debug] [2020-09-15T20:20:56.523Z] [runtime-status] [26256] Outgoing network have been stubbed. [{"name":"http","status":"mocked"},{"name":"http","status":"mocked"},{"name":"https","status":"mocked"},{"name":"https","status":"mocked"},{"name":"net","status":"mocked"}] {"metadata":{"emulator":{"name":"functions"},"function":{"name":"api"},"message":"[runtime-status] [26256] Outgoing network have been stubbed. [{\"name\":\"http\",\"status\":\"mocked\"},{\"name\":\"http\",\"status\":\"mocked\"},{\"name\":\"https\",\"status\":\"mocked\"},{\"name\":\"https\",\"status\":\"mocked\"},{\"name\":\"net\",\"status\":\"mocked\"}]"}}
[debug] [2020-09-15T20:20:56.523Z] [runtime-status] [26256] Resolved module firebase-functions {"declared":true,"installed":true,"version":"3.11.0","resolution":"/Users/mahimajeslani/Desktop/React-Complete_Guide/amazon-clone/functions/node_modules/firebase-functions/lib/index.js"} {"metadata":{"emulator":{"name":"functions"},"function":{"name":"api"},"message":"[runtime-status] [26256] Resolved module firebase-functions {\"declared\":true,\"installed\":true,\"version\":\"3.11.0\",\"resolution\":\"/Users/mahimajeslani/Desktop/React-Complete_Guide/amazon-clone/functions/node_modules/firebase-functions/lib/index.js\"}"}}
[debug] [2020-09-15T20:20:56.590Z] [runtime-status] [26256] Checked functions.config() {"config":{}} {"metadata":{"emulator":{"name":"functions"},"function":{"name":"api"},"message":"[runtime-status] [26256] Checked functions.config() {\"config\":{}}"}}
[debug] [2020-09-15T20:20:56.591Z] [runtime-status] [26256] firebase-functions has been stubbed. {"functionsResolution":{"declared":true,"installed":true,"version":"3.11.0","resolution":"/Users/mahimajeslani/Desktop/React-Complete_Guide/amazon-clone/functions/node_modules/firebase-functions/lib/index.js"}} {"metadata":{"emulator":{"name":"functions"},"function":{"name":"api"},"message":"[runtime-status] [26256] firebase-functions has been stubbed. {\"functionsResolution\":{\"declared\":true,\"installed\":true,\"version\":\"3.11.0\",\"resolution\":\"/Users/mahimajeslani/Desktop/React-Complete_Guide/amazon-clone/functions/node_modules/firebase-functions/lib/index.js\"}}"}}
[debug] [2020-09-15T20:20:56.591Z] [runtime-status] [26256] Resolved module firebase-functions {"declared":true,"installed":true,"version":"3.11.0","resolution":"/Users/mahimajeslani/Desktop/React-Complete_Guide/amazon-clone/functions/node_modules/firebase-functions/lib/index.js"} {"metadata":{"emulator":{"name":"functions"},"function":{"name":"api"},"message":"[runtime-status] [26256] Resolved module firebase-functions {\"declared\":true,\"installed\":true,\"version\":\"3.11.0\",\"resolution\":\"/Users/mahimajeslani/Desktop/React-Complete_Guide/amazon-clone/functions/node_modules/firebase-functions/lib/index.js\"}"}}
[debug] [2020-09-15T20:20:56.592Z] [runtime-status] [26256] Resolved module firebase-admin {"declared":true,"installed":true,"version":"8.13.0","resolution":"/Users/mahimajeslani/Desktop/React-Complete_Guide/amazon-clone/functions/node_modules/firebase-admin/lib/index.js"} {"metadata":{"emulator":{"name":"functions"},"function":{"name":"api"},"message":"[runtime-status] [26256] Resolved module firebase-admin {\"declared\":true,\"installed\":true,\"version\":\"8.13.0\",\"resolution\":\"/Users/mahimajeslani/Desktop/React-Complete_Guide/amazon-clone/functions/node_modules/firebase-admin/lib/index.js\"}"}}
[debug] [2020-09-15T20:20:56.592Z] [runtime-status] [26256] Resolved module firebase-functions {"declared":true,"installed":true,"version":"3.11.0","resolution":"/Users/mahimajeslani/Desktop/React-Complete_Guide/amazon-clone/functions/node_modules/firebase-functions/lib/index.js"} {"metadata":{"emulator":{"name":"functions"},"function":{"name":"api"},"message":"[runtime-status] [26256] Resolved module firebase-functions {\"declared\":true,\"installed\":true,\"version\":\"3.11.0\",\"resolution\":\"/Users/mahimajeslani/Desktop/React-Complete_Guide/amazon-clone/functions/node_modules/firebase-functions/lib/index.js\"}"}}
[debug] [2020-09-15T20:20:56.592Z] [runtime-status] [26256] firebase-admin has been stubbed. {"adminResolution":{"declared":true,"installed":true,"version":"8.13.0","resolution":"/Users/mahimajeslani/Desktop/React-Complete_Guide/amazon-clone/functions/node_modules/firebase-admin/lib/index.js"}} {"metadata":{"emulator":{"name":"functions"},"function":{"name":"api"},"message":"[runtime-status] [26256] firebase-admin has been stubbed. {\"adminResolution\":{\"declared\":true,\"installed\":true,\"version\":\"8.13.0\",\"resolution\":\"/Users/mahimajeslani/Desktop/React-Complete_Guide/amazon-clone/functions/node_modules/firebase-admin/lib/index.js\"}}"}}
[debug] [2020-09-15T20:20:56.782Z] [runtime-status] [26256] Trigger "api" has been found, beginning invocation! {"metadata":{"emulator":{"name":"functions"},"function":{"name":"api"},"message":"[runtime-status] [26256] Trigger \"api\" has been found, beginning invocation!"}}
[info] i  functions: Beginning execution of "api" {"metadata":{"emulator":{"name":"functions"},"function":{"name":"api"},"message":"Beginning execution of \"api\""}}
[debug] [2020-09-15T20:20:56.783Z] [runtime-status] [26256] triggerDefinition {"httpsTrigger":{},"name":"api","entryPoint":"api"} {"metadata":{"emulator":{"name":"functions"},"function":{"name":"api"},"message":"[runtime-status] [26256] triggerDefinition {\"httpsTrigger\":{},\"name\":\"api\",\"entryPoint\":\"api\"}"}}
[debug] [2020-09-15T20:20:56.783Z] [runtime-status] [26256] Running api in mode HTTPS {"metadata":{"emulator":{"name":"functions"},"function":{"name":"api"},"message":"[runtime-status] [26256] Running api in mode HTTPS"}}
[debug] [2020-09-15T20:20:56.784Z] [runtime-status] [26256] Attempting to listen to socketPath: /tmp/fire_emu_26256.sock {"metadata":{"emulator":{"name":"functions"},"function":{"name":"api"},"message":"[runtime-status] [26256] Attempting to listen to socketPath: /tmp/fire_emu_26256.sock"}}
[debug] [2020-09-15T20:20:56.789Z] [functions] Runtime ready! Sending request! {"metadata":{"emulator":{"name":"functions"},"message":"[functions] Runtime ready! Sending request!"}}
[debug] [2020-09-15T20:20:56.794Z] [runtime-status] [26256] Ephemeral server handling POST request {"metadata":{"emulator":{"name":"functions"},"function":{"name":"api"},"message":"[runtime-status] [26256] Ephemeral server handling POST request"}}
[info] >  Payment request recieved for :  14194 {"user":"Payment request recieved for :  14194","metadata":{"emulator":{"name":"functions"},"function":{"name":"api"},"message":"\u001b[90m> \u001b[39m Payment request recieved for :  14194"}}
[debug] [2020-09-15T20:20:56.811Z] [runtime-status] [26256] Ephemeral server survived. {"metadata":{"emulator":{"name":"functions"},"function":{"name":"api"},"message":"[runtime-status] [26256] Ephemeral server survived."}}
[info] i  functions: Finished "api" in ~1s {"metadata":{"emulator":{"name":"functions"},"function":{"name":"api"},"message":"Finished \"api\" in ~1s"}}
[debug] [2020-09-15T20:20:57.542Z] [worker-api-efb0368c-ae37-4d86-ba11-6911e1a9b936]: IDLE {"metadata":{"emulator":{"name":"functions"},"message":"[worker-api-efb0368c-ae37-4d86-ba11-6911e1a9b936]: IDLE"}}
[debug] [2020-09-15T20:20:57.542Z] [work-queue] {"queueLength":0,"workRunningCount":0}
[debug] [2020-09-15T20:21:04.273Z] [work-queue] {"queueLength":1,"workRunningCount":0}
[debug] [2020-09-15T20:21:04.274Z] [work-queue] {"queueLength":0,"workRunningCount":1}
[debug] [2020-09-15T20:21:04.274Z] Accepted request POST /clone-f85ec/us-central1/api/payments/create?total=0 --> api
[debug] [2020-09-15T20:21:04.274Z] [worker-pool] submitWork(triggerId=api) {"metadata":{"emulator":{"name":"functions"},"message":"[worker-pool] submitWork(triggerId=api)"}}
[debug] [2020-09-15T20:21:04.274Z] [worker-api-efb0368c-ae37-4d86-ba11-6911e1a9b936]: Assigning socketPath: /tmp/fire_emu_26256.sock {"metadata":{"emulator":{"name":"functions"},"message":"[worker-api-efb0368c-ae37-4d86-ba11-6911e1a9b936]: Assigning socketPath: /tmp/fire_emu_26256.sock"}}
[debug] [2020-09-15T20:21:04.274Z] [worker-api-efb0368c-ae37-4d86-ba11-6911e1a9b936]: BUSY {"metadata":{"emulator":{"name":"functions"},"message":"[worker-api-efb0368c-ae37-4d86-ba11-6911e1a9b936]: BUSY"}}
[debug] [2020-09-15T20:21:04.275Z] [runtime-status] [26256] Trigger "api" has been found, beginning invocation! {"metadata":{"emulator":{"name":"functions"},"function":{"name":"api"},"message":"[runtime-status] [26256] Trigger \"api\" has been found, beginning invocation!"}}
[info] i  functions: Beginning execution of "api" {"metadata":{"emulator":{"name":"functions"},"function":{"name":"api"},"message":"Beginning execution of \"api\""}}
[debug] [2020-09-15T20:21:04.280Z] [runtime-status] [26256] triggerDefinition {"httpsTrigger":{},"name":"api","entryPoint":"api"} {"metadata":{"emulator":{"name":"functions"},"function":{"name":"api"},"message":"[runtime-status] [26256] triggerDefinition {\"httpsTrigger\":{},\"name\":\"api\",\"entryPoint\":\"api\"}"}}
[debug] [2020-09-15T20:21:04.280Z] [runtime-status] [26256] Running api in mode HTTPS {"metadata":{"emulator":{"name":"functions"},"function":{"name":"api"},"message":"[runtime-status] [26256] Running api in mode HTTPS"}}
[debug] [2020-09-15T20:21:04.280Z] [runtime-status] [26256] Attempting to listen to socketPath: /tmp/fire_emu_26256.sock {"metadata":{"emulator":{"name":"functions"},"function":{"name":"api"},"message":"[runtime-status] [26256] Attempting to listen to socketPath: /tmp/fire_emu_26256.sock"}}
[debug] [2020-09-15T20:21:04.281Z] [functions] Runtime ready! Sending request! {"metadata":{"emulator":{"name":"functions"},"message":"[functions] Runtime ready! Sending request!"}}
[debug] [2020-09-15T20:21:04.283Z] [runtime-status] [26256] Ephemeral server handling POST request {"metadata":{"emulator":{"name":"functions"},"function":{"name":"api"},"message":"[runtime-status] [26256] Ephemeral server handling POST request"}}
[info] >  Payment request recieved for :  0 {"user":"Payment request recieved for :  0","metadata":{"emulator":{"name":"functions"},"function":{"name":"api"},"message":"\u001b[90m> \u001b[39m Payment request recieved for :  0"}}
[debug] [2020-09-15T20:21:04.284Z] [runtime-status] [26256] Ephemeral server survived. {"metadata":{"emulator":{"name":"functions"},"function":{"name":"api"},"message":"[runtime-status] [26256] Ephemeral server survived."}}
[info] >  (node:26256) UnhandledPromiseRejectionWarning: Error: This value must be greater than or equal to 1. {"user":"(node:26256) UnhandledPromiseRejectionWarning: Error: This value must be greater than or equal to 1.","metadata":{"emulator":{"name":"functions"},"function":{"name":"api"},"message":"\u001b[90m> \u001b[39m (node:26256) UnhandledPromiseRejectionWarning: Error: This value must be greater than or equal to 1."}}
[info] >      at Function.generate (/Users/mahimajeslani/Desktop/React-Complete_Guide/amazon-clone/functions/node_modules/stripe/lib/Error.js:39:16) {"user":"    at Function.generate (/Users/mahimajeslani/Desktop/React-Complete_Guide/amazon-clone/functions/node_modules/stripe/lib/Error.js:39:16)","metadata":{"emulator":{"name":"functions"},"function":{"name":"api"},"message":"\u001b[90m> \u001b[39m     at Function.generate (/Users/mahimajeslani/Desktop/React-Complete_Guide/amazon-clone/functions/node_modules/stripe/lib/Error.js:39:16)"}}
[info] >      at IncomingMessage.<anonymous> (/Users/mahimajeslani/Desktop/React-Complete_Guide/amazon-clone/functions/node_modules/stripe/lib/StripeResource.js:190:33) {"user":"    at IncomingMessage.<anonymous> (/Users/mahimajeslani/Desktop/React-Complete_Guide/amazon-clone/functions/node_modules/stripe/lib/StripeResource.js:190:33)","metadata":{"emulator":{"name":"functions"},"function":{"name":"api"},"message":"\u001b[90m> \u001b[39m     at IncomingMessage.<anonymous> (/Users/mahimajeslani/Desktop/React-Complete_Guide/amazon-clone/functions/node_modules/stripe/lib/StripeResource.js:190:33)"}}
[info] >      at Object.onceWrapper (events.js:421:28) {"user":"    at Object.onceWrapper (events.js:421:28)","metadata":{"emulator":{"name":"functions"},"function":{"name":"api"},"message":"\u001b[90m> \u001b[39m     at Object.onceWrapper (events.js:421:28)"}}
[info] >      at IncomingMessage.emit (events.js:327:22) {"user":"    at IncomingMessage.emit (events.js:327:22)","metadata":{"emulator":{"name":"functions"},"function":{"name":"api"},"message":"\u001b[90m> \u001b[39m     at IncomingMessage.emit (events.js:327:22)"}}
[info] >      at endReadableNT (_stream_readable.js:1221:12) {"user":"    at endReadableNT (_stream_readable.js:1221:12)","metadata":{"emulator":{"name":"functions"},"function":{"name":"api"},"message":"\u001b[90m> \u001b[39m     at endReadableNT (_stream_readable.js:1221:12)"}}
[info] >      at processTicksAndRejections (internal/process/task_queues.js:84:21) {"user":"    at processTicksAndRejections (internal/process/task_queues.js:84:21)","metadata":{"emulator":{"name":"functions"},"function":{"name":"api"},"message":"\u001b[90m> \u001b[39m     at processTicksAndRejections (internal/process/task_queues.js:84:21)"}}
[info] >  (node:26256) UnhandledPromiseRejectionWarning: Unhandled promise rejection. This error originated either by throwing inside of an async function without a catch block, or by rejecting a promise which was not handled with .catch(). To terminate the node process on unhandled promise rejection, use the CLI flag `--unhandled-rejections=strict` (see https://nodejs.org/api/cli.html#cli_unhandled_rejections_mode). (rejection id: 1) {"user":"(node:26256) UnhandledPromiseRejectionWarning: Unhandled promise rejection. This error originated either by throwing inside of an async function without a catch block, or by rejecting a promise which was not handled with .catch(). To terminate the node process on unhandled promise rejection, use the CLI flag `--unhandled-rejections=strict` (see https://nodejs.org/api/cli.html#cli_unhandled_rejections_mode). (rejection id: 1)","metadata":{"emulator":{"name":"functions"},"function":{"name":"api"},"message":"\u001b[90m> \u001b[39m (node:26256) UnhandledPromiseRejectionWarning: Unhandled promise rejection. This error originated either by throwing inside of an async function without a catch block, or by rejecting a promise which was not handled with .catch(). To terminate the node process on unhandled promise rejection, use the CLI flag `--unhandled-rejections=strict` (see https://nodejs.org/api/cli.html#cli_unhandled_rejections_mode). (rejection id: 1)"}}
[info] >  (node:26256) [DEP0018] DeprecationWarning: Unhandled promise rejections are deprecated. In the future, promise rejections that are not handled will terminate the Node.js process with a non-zero exit code. {"user":"(node:26256) [DEP0018] DeprecationWarning: Unhandled promise rejections are deprecated. In the future, promise rejections that are not handled will terminate the Node.js process with a non-zero exit code.","metadata":{"emulator":{"name":"functions"},"function":{"name":"api"},"message":"\u001b[90m> \u001b[39m (node:26256) [DEP0018] DeprecationWarning: Unhandled promise rejections are deprecated. In the future, promise rejections that are not handled will terminate the Node.js process with a non-zero exit code."}}
[warn] ⚠  functions: Your function timed out after ~60s. To configure this timeout, see
      https://firebase.google.com/docs/functions/manage-functions#set_timeout_and_memory_allocation. {"metadata":{"emulator":{"name":"functions"},"function":{"name":"api"},"message":"Your function timed out after ~60s. To configure this timeout, see\n      https://firebase.google.com/docs/functions/manage-functions#set_timeout_and_memory_allocation."}}
[info] >  /usr/local/lib/node_modules/firebase-tools/lib/emulator/functionsEmulatorRuntime.js:642 {"user":"/usr/local/lib/node_modules/firebase-tools/lib/emulator/functionsEmulatorRuntime.js:642","metadata":{"emulator":{"name":"functions"},"function":{"name":"api"},"message":"\u001b[90m> \u001b[39m /usr/local/lib/node_modules/firebase-tools/lib/emulator/functionsEmulatorRuntime.js:642"}}
[info] >                  throw new Error("Function timed out."); {"user":"                throw new Error(\"Function timed out.\");","metadata":{"emulator":{"name":"functions"},"function":{"name":"api"},"message":"\u001b[90m> \u001b[39m                 throw new Error(\"Function timed out.\");"}}
[info] >                  ^ {"user":"                ^","metadata":{"emulator":{"name":"functions"},"function":{"name":"api"},"message":"\u001b[90m> \u001b[39m                 ^"}}
[info] >   {"user":"","metadata":{"emulator":{"name":"functions"},"function":{"name":"api"},"message":"\u001b[90m> \u001b[39m "}}
[info] >  Error: Function timed out. {"user":"Error: Function timed out.","metadata":{"emulator":{"name":"functions"},"function":{"name":"api"},"message":"\u001b[90m> \u001b[39m Error: Function timed out."}}
[info] >      at Timeout._onTimeout (/usr/local/lib/node_modules/firebase-tools/lib/emulator/functionsEmulatorRuntime.js:642:23) {"user":"    at Timeout._onTimeout (/usr/local/lib/node_modules/firebase-tools/lib/emulator/functionsEmulatorRuntime.js:642:23)","metadata":{"emulator":{"name":"functions"},"function":{"name":"api"},"message":"\u001b[90m> \u001b[39m     at Timeout._onTimeout (/usr/local/lib/node_modules/firebase-tools/lib/emulator/functionsEmulatorRuntime.js:642:23)"}}
[info] >      at listOnTimeout (internal/timers.js:549:17) {"user":"    at listOnTimeout (internal/timers.js:549:17)","metadata":{"emulator":{"name":"functions"},"function":{"name":"api"},"message":"\u001b[90m> \u001b[39m     at listOnTimeout (internal/timers.js:549:17)"}}
[info] >      at processTimers (internal/timers.js:492:7) {"user":"    at processTimers (internal/timers.js:492:7)","metadata":{"emulator":{"name":"functions"},"function":{"name":"api"},"message":"\u001b[90m> \u001b[39m     at processTimers (internal/timers.js:492:7)"}}
[debug] [2020-09-15T20:22:04.288Z] [worker-api-efb0368c-ae37-4d86-ba11-6911e1a9b936]: exited {"metadata":{"emulator":{"name":"functions"},"message":"[worker-api-efb0368c-ae37-4d86-ba11-6911e1a9b936]: exited"}}
[debug] [2020-09-15T20:22:04.288Z] [worker-api-efb0368c-ae37-4d86-ba11-6911e1a9b936]: FINISHED {"metadata":{"emulator":{"name":"functions"},"message":"[worker-api-efb0368c-ae37-4d86-ba11-6911e1a9b936]: FINISHED"}}
[debug] [2020-09-15T20:22:04.288Z] [work-queue] {"queueLength":0,"workRunningCount":0}
